<?xml version="1.0" encoding="UTF-8"?>
<!-- Generated by org.testng.reporters.JUnitReportReporter -->
<testsuite skipped="0" hostname="DESKTOP-VDRSD1O" name="PojoClasses.AppTest" tests="1" failures="0" timestamp="2021-04-14T13:55:31 IST" time="0.005" errors="0">
  <testcase name="shouldAnswerWithTrue" time="0.005" classname="PojoClasses.AppTest"/>
  <system-out/>
</testsuite> <!-- PojoClasses.AppTest -->
